{
  "RSpec": {
    "coverage": {
      "/Users/javenwilson/3mod/projects/lend_a_toolza_fe/app/helpers/application_helper.rb": {
        "lines": [
          null,
          null,
          1,
          null
        ]
      },
      "/Users/javenwilson/3mod/projects/lend_a_toolza_fe/app/facades/chat_facade.rb": {
        "lines": [
          null,
          null,
          1,
          1,
          1,
          null,
          null
        ]
      },
      "/Users/javenwilson/3mod/projects/lend_a_toolza_fe/app/facades/store_facade.rb": {
        "lines": [
          null,
          null,
          1,
          1,
          2,
          2,
          2,
          4,
          null,
          null,
          null
        ]
      },
      "/Users/javenwilson/3mod/projects/lend_a_toolza_fe/app/facades/tool_facade.rb": {
        "lines": [
          null,
          null,
          1,
          1,
          1,
          2,
          null,
          null,
          null,
          1,
          5,
          5,
          1,
          null,
          12,
          null,
          null,
          null,
          1,
          4,
          4,
          null,
          null,
          1,
          5,
          5,
          13,
          7,
          null,
          null,
          5,
          null,
          null,
          1,
          5,
          5,
          13,
          6,
          null,
          null,
          5,
          null,
          null
        ]
      },
      "/Users/javenwilson/3mod/projects/lend_a_toolza_fe/app/poros/store.rb": {
        "lines": [
          null,
          null,
          1,
          1,
          null,
          1,
          5,
          5,
          5,
          null,
          null
        ]
      },
      "/Users/javenwilson/3mod/projects/lend_a_toolza_fe/app/poros/tool.rb": {
        "lines": [
          null,
          null,
          1,
          1,
          null,
          1,
          28,
          28,
          28,
          28,
          28,
          28,
          28,
          28,
          28,
          28,
          null,
          null
        ]
      },
      "/Users/javenwilson/3mod/projects/lend_a_toolza_fe/app/services/tools_service.rb": {
        "lines": [
          null,
          null,
          1,
          1,
          12,
          null,
          12,
          0,
          0,
          null,
          null,
          null,
          1,
          6,
          null,
          6,
          1,
          1,
          null,
          null,
          null,
          1,
          5,
          5,
          null,
          null,
          1,
          2,
          2,
          null,
          null,
          1,
          1,
          1,
          1,
          1,
          null,
          1,
          null,
          null,
          1,
          null,
          1,
          null,
          26,
          null,
          null,
          1,
          0,
          0,
          null,
          null
        ]
      },
      "/Users/javenwilson/3mod/projects/lend_a_toolza_fe/app/services/chat_api_service.rb": {
        "lines": [
          null,
          null,
          1,
          1,
          4,
          4,
          null,
          null,
          1,
          null,
          4,
          null,
          null
        ]
      },
      "/Users/javenwilson/3mod/projects/lend_a_toolza_fe/app/services/stores_service.rb": {
        "lines": [
          null,
          null,
          1,
          1,
          3,
          3,
          null,
          null,
          1,
          3,
          null,
          null,
          null
        ]
      },
      "/Users/javenwilson/3mod/projects/lend_a_toolza_fe/app/controllers/welcome_controller.rb": {
        "lines": [
          null,
          null,
          1,
          1,
          null,
          1,
          2,
          2,
          null,
          null,
          1,
          2,
          2,
          null,
          null
        ]
      },
      "/Users/javenwilson/3mod/projects/lend_a_toolza_fe/app/controllers/application_controller.rb": {
        "lines": [
          null,
          null,
          1,
          1,
          null,
          1,
          28,
          null,
          null
        ]
      },
      "/Users/javenwilson/3mod/projects/lend_a_toolza_fe/app/controllers/tools_controller.rb": {
        "lines": [
          null,
          null,
          1,
          1,
          null,
          1,
          2,
          1,
          1,
          1,
          1,
          null,
          null,
          1,
          null,
          null,
          null,
          null,
          null,
          null,
          null,
          1,
          1,
          null,
          1,
          1,
          null,
          null,
          null,
          1,
          4,
          4,
          4,
          4,
          null,
          null,
          1,
          2,
          null,
          null,
          1,
          null,
          1,
          2,
          null,
          null
        ]
      },
      "/Users/javenwilson/3mod/projects/lend_a_toolza_fe/app/controllers/stores_controller.rb": {
        "lines": [
          null,
          null,
          1,
          1,
          1,
          1,
          1,
          null,
          null
        ]
      },
      "/Users/javenwilson/3mod/projects/lend_a_toolza_fe/app/models/user.rb": {
        "lines": [
          null,
          null,
          1,
          1,
          null
        ]
      },
      "/Users/javenwilson/3mod/projects/lend_a_toolza_fe/app/models/application_record.rb": {
        "lines": [
          null,
          null,
          1,
          1,
          null
        ]
      },
      "/Users/javenwilson/3mod/projects/lend_a_toolza_fe/app/controllers/users_controller.rb": {
        "lines": [
          null,
          null,
          1,
          1,
          3,
          3,
          3,
          null,
          null
        ]
      },
      "/Users/javenwilson/3mod/projects/lend_a_toolza_fe/app/controllers/sessions_controller.rb": {
        "lines": [
          null,
          null,
          1,
          1,
          3,
          3,
          null,
          3,
          null,
          null,
          null,
          null,
          3,
          null,
          3,
          null,
          null,
          1,
          1,
          1,
          null,
          null
        ]
      }
    },
    "timestamp": 1691178809
  }
}
